  Building Custom Rule C:/code/F24_Kevin_Wander/Kevin_Wander_Fall_24/glfw/src/CMakeLists.txt
  CMake is re-running because C:/code/F24_Kevin_Wander/Kevin_Wander_Fall_24/glfw_build/src/CMakeFiles/generate.stamp is out-of-date.
    the file 'C:/code/F24_Kevin_Wander/Kevin_Wander_Fall_24/glfw/CMake/glfw3.pc.in'
    is newer than 'C:/code/F24_Kevin_Wander/Kevin_Wander_Fall_24/glfw_build/src/CMakeFiles/generate.stamp.depend'
    result='-1'
  -- Selecting Windows SDK version 10.0.22621.0 to target Windows 10.0.22631.
  -- The C compiler identification is MSVC 19.41.34120.0
  -- Detecting C compiler ABI info
  -- Detecting C compiler ABI info - done
  -- Check for working C compiler: C:/Program Files/Microsoft Visual Studio/2022/Community/VC/Tools/MSVC/14.41.34120/bin/Hostx64/x64/cl.exe - skipped
  -- Detecting C compile features
  -- Detecting C compile features - done
  -- Including Win32 support
  -- Configuring done (3.0s)
  -- Generating done (0.1s)
  -- Build files have been written to: C:/code/F24_Kevin_Wander/Kevin_Wander_Fall_24/glfw_build
  context.c
  egl_context.c
  init.c
  input.c
  monitor.c
  null_init.c
  null_joystick.c
  null_monitor.c
  null_window.c
  osmesa_context.c
  platform.c
  vulkan.c
  wgl_context.c
  win32_init.c
  win32_joystick.c
  win32_module.c
  win32_monitor.c
  win32_thread.c
  win32_time.c
  win32_window.c
  Generating Code...
  Compiling...
  window.c
  Generating Code...
     Creating library C:/code/F24_Kevin_Wander/Kevin_Wander_Fall_24/glfw_build/src/Debug/glfw3dll.lib and object C:/code/F24_Kevin_Wander/Kevin_Wander_Fall_24/glfw_build/src/Debug/glfw3dll.exp
  glfw.vcxproj -> C:\code\F24_Kevin_Wander\Kevin_Wander_Fall_24\x64\Debug\glfw3.dll
